==1299== Memcheck, a memory error detector
==1299== Copyright (C) 2002-2024, and GNU GPL'd, by Julian Seward et al.
==1299== Using Valgrind-3.24.0 and LibVEX; rerun with -h for copyright info
==1299== Command: ./minishell
==1299== Parent PID: 211
==1299== 
==1299== 
==1299== FILE DESCRIPTORS: 9 open (3 std) at exit.
==1299== Open file descriptor 6:
==1299==    at 0x49D9C9D: pipe (in /usr/lib/x86_64-linux-gnu/libc.so.6)
==1299==    by 0x10EFF0: create_heredoc (in /home/mradouan/Desktop/yg_md_minishell/minishell)
==1299==    by 0x10F0F3: implement_her_doc (in /home/mradouan/Desktop/yg_md_minishell/minishell)
==1299==    by 0x10EA78: spliting_nodes_hd (in /home/mradouan/Desktop/yg_md_minishell/minishell)
==1299==    by 0x111302: set_md (in /home/mradouan/Desktop/yg_md_minishell/minishell)
==1299==    by 0x10ECDE: piping_forking (in /home/mradouan/Desktop/yg_md_minishell/minishell)
==1299==    by 0x1115E9: exec_commands (in /home/mradouan/Desktop/yg_md_minishell/minishell)
==1299==    by 0x1118E7: helper_main (in /home/mradouan/Desktop/yg_md_minishell/minishell)
==1299==    by 0x111A02: main (in /home/mradouan/Desktop/yg_md_minishell/minishell)
==1299== 
==1299== Open file descriptor 5:
==1299==    at 0x49D9C9D: pipe (in /usr/lib/x86_64-linux-gnu/libc.so.6)
==1299==    by 0x10EFF0: create_heredoc (in /home/mradouan/Desktop/yg_md_minishell/minishell)
==1299==    by 0x10F0F3: implement_her_doc (in /home/mradouan/Desktop/yg_md_minishell/minishell)
==1299==    by 0x10EA78: spliting_nodes_hd (in /home/mradouan/Desktop/yg_md_minishell/minishell)
==1299==    by 0x111302: set_md (in /home/mradouan/Desktop/yg_md_minishell/minishell)
==1299==    by 0x10ECDE: piping_forking (in /home/mradouan/Desktop/yg_md_minishell/minishell)
==1299==    by 0x1115E9: exec_commands (in /home/mradouan/Desktop/yg_md_minishell/minishell)
==1299==    by 0x1118E7: helper_main (in /home/mradouan/Desktop/yg_md_minishell/minishell)
==1299==    by 0x111A02: main (in /home/mradouan/Desktop/yg_md_minishell/minishell)
==1299== 
==1299== Open file descriptor 4:
==1299==    at 0x49D9C9D: pipe (in /usr/lib/x86_64-linux-gnu/libc.so.6)
==1299==    by 0x10EFF0: create_heredoc (in /home/mradouan/Desktop/yg_md_minishell/minishell)
==1299==    by 0x10F0F3: implement_her_doc (in /home/mradouan/Desktop/yg_md_minishell/minishell)
==1299==    by 0x10EA78: spliting_nodes_hd (in /home/mradouan/Desktop/yg_md_minishell/minishell)
==1299==    by 0x111302: set_md (in /home/mradouan/Desktop/yg_md_minishell/minishell)
==1299==    by 0x10ECDE: piping_forking (in /home/mradouan/Desktop/yg_md_minishell/minishell)
==1299==    by 0x1115E9: exec_commands (in /home/mradouan/Desktop/yg_md_minishell/minishell)
==1299==    by 0x1118E7: helper_main (in /home/mradouan/Desktop/yg_md_minishell/minishell)
==1299==    by 0x111A02: main (in /home/mradouan/Desktop/yg_md_minishell/minishell)
==1299== 
==1299== Open AF_UNIX socket 235: <unknown>
==1299==    <inherited from parent>
==1299== 
==1299== Open file descriptor 103: /app/extra/vscode/v8_context_snapshot.bin
==1299==    <inherited from parent>
==1299== 
==1299== Open file descriptor 37: /home/mradouan/.var/app/com.visualstudio.code/config/Code/logs/20250616T152516/ptyhost.log
==1299==    <inherited from parent>
==1299== 
==1299== 
==1299== HEAP SUMMARY:
==1299==     in use at exit: 220,193 bytes in 241 blocks
==1299==   total heap usage: 1,740 allocs, 1,499 frees, 275,577 bytes allocated
==1299== 
==1299== LEAK SUMMARY:
==1299==    definitely lost: 0 bytes in 0 blocks
==1299==    indirectly lost: 0 bytes in 0 blocks
==1299==      possibly lost: 0 bytes in 0 blocks
==1299==    still reachable: 220,193 bytes in 241 blocks
==1299==         suppressed: 0 bytes in 0 blocks
==1299== Reachable blocks (those to which a pointer was found) are not shown.
==1299== To see them, rerun with: --leak-check=full --show-leak-kinds=all
==1299== 
==1299== For lists of detected and suppressed errors, rerun with: -s
==1299== ERROR SUMMARY: 6 errors from 6 contexts (suppressed: 0 from 0)
